<?xml version="1.0" encoding="UTF-8"?>
<testng-results ignored="1" total="2" passed="1" failed="0" skipped="0">
  <reporter-output>
  </reporter-output>
  <suite started-at="2024-01-13T00:27:03 IST" name="Default suite" finished-at="2024-01-13T00:27:09 IST" duration-ms="6292">
    <groups>
    </groups>
    <test started-at="2024-01-13T00:27:03 IST" name="Default test" finished-at="2024-01-13T00:27:09 IST" duration-ms="6292">
      <class name="tests.Tests">
        <test-method signature="secondTest()[pri:0, instance:tests.Tests@20ccf40b]" started-at="2024-01-13T00:27:03 IST" name="secondTest" finished-at="2024-01-13T00:27:09 IST" duration-ms="6248" status="PASS">
          <reporter-output>
          </reporter-output>
        </test-method> <!-- secondTest -->
      </class> <!-- tests.Tests -->
    </test> <!-- Default test -->
  </suite> <!-- Default suite -->
</testng-results>
